<testsuites name="jest tests" tests="4" failures="0" time="6.926">
  <testsuite name="undefined" errors="0" failures="0" skipped="0" timestamp="2023-01-03T11:49:11" time="6.926" tests="4">
    <testcase classname=" Initial articles render correctly" name=" Initial articles render correctly" time="0.064">
    </testcase>
    <testcase classname=" Clicking on top renders expected articles" name=" Clicking on top renders expected articles" time="0.023">
    </testcase>
    <testcase classname=" Clicking on newest renders expected articles" name=" Clicking on newest renders expected articles" time="0.023">
    </testcase>
    <testcase classname=" Sequence of navigation clicks renders expected artices" name=" Sequence of navigation clicks renders expected artices" time="0.05">
    </testcase>
  </testsuite>
</testsuites>